<?xml version="1.0" encoding="utf-8"?>
<testsuites 
   name="OSVVMLibraries_RunAllTests"
   timestamp="2025-05-27T08:58:41+02:00"
   time="448.839"
   tests="290"
   failures="0"
   errors="0"
   skipped="0"
>
<properties> 
  <property name="OsvvmVersion" value="2025.04" /> 
  <property name="Simulator" value="GHDL" /> 
  <property name="SimulatorVersion" value="5.0.1" /> 
</properties> 
<testsuite 
   name="StreamTransactionPkg"
   time="22.685"
   tests="15"
   failures="0"
   errors="0"
   skipped="0"
>
<testcase 
   name="TbStream_SendGet1"
   classname="StreamTransactionPkg"
   assertions="1296"
   time="1.243"
>
</testcase>
<testcase 
   name="TbStream_SendGetAsync1"
   classname="StreamTransactionPkg"
   assertions="1296"
   time="1.252"
>
</testcase>
<testcase 
   name="TbStream_SendGetAll1"
   classname="StreamTransactionPkg"
   assertions="249"
   time="1.226"
>
</testcase>
<testcase 
   name="TbStream_SendGetAllAsync1"
   classname="StreamTransactionPkg"
   assertions="249"
   time="1.172"
>
</testcase>
<testcase 
   name="TbAxi_SendGetAllParam1"
   classname="StreamTransactionPkg"
   assertions="282"
   time="1.092"
>
</testcase>
<testcase 
   name="TbAxi_SendGetAllParamAsync1"
   classname="StreamTransactionPkg"
   assertions="282"
   time="1.334"
>
</testcase>
<testcase 
   name="TbStream_GotBurst1"
   classname="StreamTransactionPkg"
   assertions="74"
   time="1.044"
>
</testcase>
<testcase 
   name="TbStream_SendCheckBurstVector1"
   classname="StreamTransactionPkg"
   assertions="66"
   time="0.991"
>
</testcase>
<testcase 
   name="TbStream_SendCheckBurstVectorAsync1"
   classname="StreamTransactionPkg"
   assertions="52"
   time="0.990"
>
</testcase>
<testcase 
   name="TbStream_ReleaseAcquireTransmitter1"
   classname="StreamTransactionPkg"
   assertions="34"
   time="1.021"
>
</testcase>
<testcase 
   name="TbStream_ReleaseAcquireReceiver1"
   classname="StreamTransactionPkg"
   assertions="36"
   time="1.042"
>
</testcase>
<testcase 
   name="TbStream_MultipleDriversTransmitter1"
   classname="StreamTransactionPkg"
   assertions="1"
   time="1.009"
>
</testcase>
<testcase 
   name="TbStream_MultipleDriversReceiver1"
   classname="StreamTransactionPkg"
   assertions="1"
   time="0.980"
>
</testcase>
<testcase 
   name="TbAxi_SetBurstMode1"
   classname="StreamTransactionPkg"
   assertions="6"
   time="0.993"
>
</testcase>
<testcase 
   name="TbAxi_SetModelOptions1"
   classname="StreamTransactionPkg"
   assertions="6"
   time="0.997"
>
</testcase>
</testsuite>
<testsuite 
   name="StreamTransactionArrayPkg"
   time="19.095"
   tests="13"
   failures="0"
   errors="0"
   skipped="0"
>
<testcase 
   name="TbStream_SendGet1"
   classname="StreamTransactionArrayPkg"
   assertions="1296"
   time="1.163"
>
</testcase>
<testcase 
   name="TbStream_SendGetAsync1"
   classname="StreamTransactionArrayPkg"
   assertions="1296"
   time="1.249"
>
</testcase>
<testcase 
   name="TbStream_SendGetAll1"
   classname="StreamTransactionArrayPkg"
   assertions="249"
   time="1.121"
>
</testcase>
<testcase 
   name="TbStream_SendGetAllAsync1"
   classname="StreamTransactionArrayPkg"
   assertions="249"
   time="1.130"
>
</testcase>
<testcase 
   name="TbAxi_SendGetAllParam1"
   classname="StreamTransactionArrayPkg"
   assertions="282"
   time="1.063"
>
</testcase>
<testcase 
   name="TbAxi_SendGetAllParamAsync1"
   classname="StreamTransactionArrayPkg"
   assertions="282"
   time="1.097"
>
</testcase>
<testcase 
   name="TbStream_GotBurst1"
   classname="StreamTransactionArrayPkg"
   assertions="74"
   time="0.971"
>
</testcase>
<testcase 
   name="TbStream_ReleaseAcquireTransmitter1"
   classname="StreamTransactionArrayPkg"
   assertions="34"
   time="1.006"
>
</testcase>
<testcase 
   name="TbStream_ReleaseAcquireReceiver1"
   classname="StreamTransactionArrayPkg"
   assertions="36"
   time="1.011"
>
</testcase>
<testcase 
   name="TbStream_MultipleDriversTransmitter1"
   classname="StreamTransactionArrayPkg"
   assertions="1"
   time="0.938"
>
</testcase>
<testcase 
   name="TbStream_MultipleDriversReceiver1"
   classname="StreamTransactionArrayPkg"
   assertions="1"
   time="0.966"
>
</testcase>
<testcase 
   name="TbAxi_SetBurstMode1"
   classname="StreamTransactionArrayPkg"
   assertions="6"
   time="0.966"
>
</testcase>
<testcase 
   name="TbAxi_SetModelOptions1"
   classname="StreamTransactionArrayPkg"
   assertions="6"
   time="1.000"
>
</testcase>
</testsuite>
<testsuite 
   name="AddressBusTransactionPkg"
   time="64.397"
   tests="41"
   failures="0"
   errors="0"
   skipped="0"
>
<testcase 
   name="TbAxi4_TransactionApiManager"
   classname="AddressBusTransactionPkg"
   assertions="41"
   time="1.196"
>
</testcase>
<testcase 
   name="TbAxi4_AlertLogIDManager"
   classname="AddressBusTransactionPkg"
   assertions="8"
   time="1.071"
>
</testcase>
<testcase 
   name="TbAxi4_ReleaseAcquireManager1"
   classname="AddressBusTransactionPkg"
   assertions="38"
   time="1.089"
>
</testcase>
<testcase 
   name="TbAxi4_MultipleDriversManager"
   classname="AddressBusTransactionPkg"
   assertions="1"
   time="1.047"
>
</testcase>
<testcase 
   name="TbAxi4_BasicReadWrite"
   classname="AddressBusTransactionPkg"
   assertions="60"
   time="1.069"
>
</testcase>
<testcase 
   name="TbAxi4_MemoryReadWrite1"
   classname="AddressBusTransactionPkg"
   assertions="40"
   time="1.156"
>
</testcase>
<testcase 
   name="TbAxi4_MemoryReadWrite2"
   classname="AddressBusTransactionPkg"
   assertions="60"
   time="1.128"
>
</testcase>
<testcase 
   name="TbAxi4_ReadPoll1"
   classname="AddressBusTransactionPkg"
   assertions="28"
   time="1.154"
>
</testcase>
<testcase 
   name="TbAxi4_RandomReadWrite"
   classname="AddressBusTransactionPkg"
   assertions="3000"
   time="2.252"
>
</testcase>
<testcase 
   name="TbAxi4_RandomReadWriteByte1"
   classname="AddressBusTransactionPkg"
   assertions="3000"
   time="2.244"
>
</testcase>
<testcase 
   name="TbAxi4_ReadWriteAsync1"
   classname="AddressBusTransactionPkg"
   assertions="60"
   time="1.113"
>
</testcase>
<testcase 
   name="TbAxi4_ReadWriteAsync2"
   classname="AddressBusTransactionPkg"
   assertions="60"
   time="1.116"
>
</testcase>
<testcase 
   name="TbAxi4_ReadWriteAsync3"
   classname="AddressBusTransactionPkg"
   assertions="60"
   time="1.096"
>
</testcase>
<testcase 
   name="TbAxi4_ReadWriteAsync4"
   classname="AddressBusTransactionPkg"
   assertions="60"
   time="1.133"
>
</testcase>
<testcase 
   name="TbAxi4_TransactionApiSubordinate"
   classname="AddressBusTransactionPkg"
   assertions="51"
   time="1.078"
>
</testcase>
<testcase 
   name="TbAxi4_AlertLogIDSubordinate"
   classname="AddressBusTransactionPkg"
   assertions="8"
   time="1.061"
>
</testcase>
<testcase 
   name="TbAxi4_ReleaseAcquireSubordinate1"
   classname="AddressBusTransactionPkg"
   assertions="19"
   time="1.077"
>
</testcase>
<testcase 
   name="TbAxi4_MultipleDriversSubordinate"
   classname="AddressBusTransactionPkg"
   assertions="1"
   time="1.070"
>
</testcase>
<testcase 
   name="TbAxi4_SubordinateReadWrite1"
   classname="AddressBusTransactionPkg"
   assertions="60"
   time="1.109"
>
</testcase>
<testcase 
   name="TbAxi4_SubordinateReadWrite2"
   classname="AddressBusTransactionPkg"
   assertions="60"
   time="1.106"
>
</testcase>
<testcase 
   name="TbAxi4_SubordinateReadWrite3"
   classname="AddressBusTransactionPkg"
   assertions="60"
   time="1.114"
>
</testcase>
<testcase 
   name="TbAxi4_SubordinateReadWriteAsync1"
   classname="AddressBusTransactionPkg"
   assertions="80"
   time="1.110"
>
</testcase>
<testcase 
   name="TbAxi4_SubordinateReadWriteAsync2"
   classname="AddressBusTransactionPkg"
   assertions="90"
   time="1.114"
>
</testcase>
<testcase 
   name="TbAxi4_TransactionApiMemory"
   classname="AddressBusTransactionPkg"
   assertions="41"
   time="1.105"
>
</testcase>
<testcase 
   name="TbAxi4_AlertLogIDMemory"
   classname="AddressBusTransactionPkg"
   assertions="8"
   time="1.087"
>
</testcase>
<testcase 
   name="TbAxi4_ReleaseAcquireMemory1"
   classname="AddressBusTransactionPkg"
   assertions="8"
   time="1.112"
>
</testcase>
<testcase 
   name="TbAxi4_MultipleDriversMemory"
   classname="AddressBusTransactionPkg"
   assertions="1"
   time="1.114"
>
</testcase>
<testcase 
   name="TbAxi4_MemoryAsync"
   classname="AddressBusTransactionPkg"
   assertions="28"
   time="1.113"
>
</testcase>
<testcase 
   name="TbAxi4_TransactionApiManagerBurst"
   classname="AddressBusTransactionPkg"
   assertions="75"
   time="1.103"
>
</testcase>
<testcase 
   name="TbAxi4_TransactionApiMemoryBurst"
   classname="AddressBusTransactionPkg"
   assertions="97"
   time="1.110"
>
</testcase>
<testcase 
   name="TbAxi4_MemoryBurst1"
   classname="AddressBusTransactionPkg"
   assertions="114"
   time="1.138"
>
</testcase>
<testcase 
   name="TbAxi4_MemoryBurstPattern1"
   classname="AddressBusTransactionPkg"
   assertions="141"
   time="1.194"
>
</testcase>
<testcase 
   name="TbAxi4_MemoryBurstPattern2"
   classname="AddressBusTransactionPkg"
   assertions="96"
   time="1.184"
>
</testcase>
<testcase 
   name="TbAxi4_MemoryBurstByte1"
   classname="AddressBusTransactionPkg"
   assertions="90"
   time="1.129"
>
</testcase>
<testcase 
   name="TbAxi4_MemoryBurstBytePattern1"
   classname="AddressBusTransactionPkg"
   assertions="106"
   time="1.138"
>
</testcase>
<testcase 
   name="TbAxi4_MemoryBurstAsync1"
   classname="AddressBusTransactionPkg"
   assertions="114"
   time="1.175"
>
</testcase>
<testcase 
   name="TbAxi4_MemoryBurstAsyncPattern1"
   classname="AddressBusTransactionPkg"
   assertions="141"
   time="1.176"
>
</testcase>
<testcase 
   name="TbAxi4_MemoryBurstAsyncPattern2"
   classname="AddressBusTransactionPkg"
   assertions="96"
   time="1.167"
>
</testcase>
<testcase 
   name="TbAxi4_MemoryBurstSparse1"
   classname="AddressBusTransactionPkg"
   assertions="42"
   time="1.253"
>
</testcase>
<testcase 
   name="TbAxi4_MemoryReadWriteDemo1"
   classname="AddressBusTransactionPkg"
   assertions="334"
   time="1.302"
>
</testcase>
<testcase 
   name="TbAxi4_SetModelOptions1"
   classname="AddressBusTransactionPkg"
   assertions="60"
   time="1.112"
>
</testcase>
</testsuite>
<testsuite 
   name="AddressBusTransactionArrayPkg"
   time="65.097"
   tests="41"
   failures="0"
   errors="0"
   skipped="0"
>
<testcase 
   name="TbAxi4_TransactionApiManager"
   classname="AddressBusTransactionArrayPkg"
   assertions="41"
   time="1.185"
>
</testcase>
<testcase 
   name="TbAxi4_AlertLogIDManager"
   classname="AddressBusTransactionArrayPkg"
   assertions="8"
   time="1.150"
>
</testcase>
<testcase 
   name="TbAxi4_ReleaseAcquireManager1"
   classname="AddressBusTransactionArrayPkg"
   assertions="38"
   time="1.109"
>
</testcase>
<testcase 
   name="TbAxi4_MultipleDriversManager"
   classname="AddressBusTransactionArrayPkg"
   assertions="1"
   time="1.083"
>
</testcase>
<testcase 
   name="TbAxi4_BasicReadWrite"
   classname="AddressBusTransactionArrayPkg"
   assertions="60"
   time="1.116"
>
</testcase>
<testcase 
   name="TbAxi4_MemoryReadWrite1"
   classname="AddressBusTransactionArrayPkg"
   assertions="40"
   time="1.153"
>
</testcase>
<testcase 
   name="TbAxi4_MemoryReadWrite2"
   classname="AddressBusTransactionArrayPkg"
   assertions="60"
   time="1.251"
>
</testcase>
<testcase 
   name="TbAxi4_ReadPoll1"
   classname="AddressBusTransactionArrayPkg"
   assertions="28"
   time="1.140"
>
</testcase>
<testcase 
   name="TbAxi4_RandomReadWrite"
   classname="AddressBusTransactionArrayPkg"
   assertions="3000"
   time="2.177"
>
</testcase>
<testcase 
   name="TbAxi4_RandomReadWriteByte1"
   classname="AddressBusTransactionArrayPkg"
   assertions="3000"
   time="2.291"
>
</testcase>
<testcase 
   name="TbAxi4_ReadWriteAsync1"
   classname="AddressBusTransactionArrayPkg"
   assertions="60"
   time="1.115"
>
</testcase>
<testcase 
   name="TbAxi4_ReadWriteAsync2"
   classname="AddressBusTransactionArrayPkg"
   assertions="60"
   time="1.133"
>
</testcase>
<testcase 
   name="TbAxi4_ReadWriteAsync3"
   classname="AddressBusTransactionArrayPkg"
   assertions="60"
   time="1.100"
>
</testcase>
<testcase 
   name="TbAxi4_ReadWriteAsync4"
   classname="AddressBusTransactionArrayPkg"
   assertions="60"
   time="1.145"
>
</testcase>
<testcase 
   name="TbAxi4_TransactionApiSubordinate"
   classname="AddressBusTransactionArrayPkg"
   assertions="51"
   time="1.105"
>
</testcase>
<testcase 
   name="TbAxi4_AlertLogIDSubordinate"
   classname="AddressBusTransactionArrayPkg"
   assertions="8"
   time="1.103"
>
</testcase>
<testcase 
   name="TbAxi4_ReleaseAcquireSubordinate1"
   classname="AddressBusTransactionArrayPkg"
   assertions="19"
   time="1.124"
>
</testcase>
<testcase 
   name="TbAxi4_MultipleDriversSubordinate"
   classname="AddressBusTransactionArrayPkg"
   assertions="1"
   time="1.115"
>
</testcase>
<testcase 
   name="TbAxi4_SubordinateReadWrite1"
   classname="AddressBusTransactionArrayPkg"
   assertions="60"
   time="1.134"
>
</testcase>
<testcase 
   name="TbAxi4_SubordinateReadWrite2"
   classname="AddressBusTransactionArrayPkg"
   assertions="60"
   time="1.088"
>
</testcase>
<testcase 
   name="TbAxi4_SubordinateReadWrite3"
   classname="AddressBusTransactionArrayPkg"
   assertions="60"
   time="1.089"
>
</testcase>
<testcase 
   name="TbAxi4_SubordinateReadWriteAsync1"
   classname="AddressBusTransactionArrayPkg"
   assertions="80"
   time="1.130"
>
</testcase>
<testcase 
   name="TbAxi4_SubordinateReadWriteAsync2"
   classname="AddressBusTransactionArrayPkg"
   assertions="90"
   time="1.179"
>
</testcase>
<testcase 
   name="TbAxi4_TransactionApiMemory"
   classname="AddressBusTransactionArrayPkg"
   assertions="41"
   time="1.127"
>
</testcase>
<testcase 
   name="TbAxi4_AlertLogIDMemory"
   classname="AddressBusTransactionArrayPkg"
   assertions="8"
   time="1.100"
>
</testcase>
<testcase 
   name="TbAxi4_ReleaseAcquireMemory1"
   classname="AddressBusTransactionArrayPkg"
   assertions="8"
   time="1.189"
>
</testcase>
<testcase 
   name="TbAxi4_MultipleDriversMemory"
   classname="AddressBusTransactionArrayPkg"
   assertions="1"
   time="1.131"
>
</testcase>
<testcase 
   name="TbAxi4_MemoryAsync"
   classname="AddressBusTransactionArrayPkg"
   assertions="28"
   time="1.165"
>
</testcase>
<testcase 
   name="TbAxi4_TransactionApiManagerBurst"
   classname="AddressBusTransactionArrayPkg"
   assertions="75"
   time="1.173"
>
</testcase>
<testcase 
   name="TbAxi4_TransactionApiMemoryBurst"
   classname="AddressBusTransactionArrayPkg"
   assertions="97"
   time="1.156"
>
</testcase>
<testcase 
   name="TbAxi4_MemoryBurst1"
   classname="AddressBusTransactionArrayPkg"
   assertions="114"
   time="1.158"
>
</testcase>
<testcase 
   name="TbAxi4_MemoryBurstPattern1"
   classname="AddressBusTransactionArrayPkg"
   assertions="114"
   time="1.130"
>
</testcase>
<testcase 
   name="TbAxi4_MemoryBurstPattern2"
   classname="AddressBusTransactionArrayPkg"
   assertions="96"
   time="1.179"
>
</testcase>
<testcase 
   name="TbAxi4_MemoryBurstByte1"
   classname="AddressBusTransactionArrayPkg"
   assertions="90"
   time="1.095"
>
</testcase>
<testcase 
   name="TbAxi4_MemoryBurstBytePattern1"
   classname="AddressBusTransactionArrayPkg"
   assertions="88"
   time="1.100"
>
</testcase>
<testcase 
   name="TbAxi4_MemoryBurstAsync1"
   classname="AddressBusTransactionArrayPkg"
   assertions="114"
   time="1.153"
>
</testcase>
<testcase 
   name="TbAxi4_MemoryBurstAsyncPattern1"
   classname="AddressBusTransactionArrayPkg"
   assertions="114"
   time="1.238"
>
</testcase>
<testcase 
   name="TbAxi4_MemoryBurstAsyncPattern2"
   classname="AddressBusTransactionArrayPkg"
   assertions="96"
   time="1.201"
>
</testcase>
<testcase 
   name="TbAxi4_MemoryBurstSparse1"
   classname="AddressBusTransactionArrayPkg"
   assertions="42"
   time="1.117"
>
</testcase>
<testcase 
   name="TbAxi4_MemoryReadWriteDemo1"
   classname="AddressBusTransactionArrayPkg"
   assertions="334"
   time="1.301"
>
</testcase>
<testcase 
   name="TbAxi4_SetModelOptions1"
   classname="AddressBusTransactionArrayPkg"
   assertions="60"
   time="1.112"
>
</testcase>
</testsuite>
<testsuite 
   name="InterruptHandler_Gen"
   time="10.426"
   tests="6"
   failures="0"
   errors="0"
   skipped="0"
>
<testcase 
   name="TbAb_Interrupt1"
   classname="InterruptHandler_Gen"
   assertions="96"
   time="1.239"
>
</testcase>
<testcase 
   name="TbAb_Interrupt2"
   classname="InterruptHandler_Gen"
   assertions="240"
   time="1.335"
>
</testcase>
<testcase 
   name="TbAb_Interrupt3_NUM_INTERRUPTS_2"
   classname="InterruptHandler_Gen"
   assertions="240"
   time="1.377"
>
<properties> 
  <property name="generic" value="NUM_INTERRUPTS=2" /> 
</properties> 
</testcase>
<testcase 
   name="TbAb_InterruptBurst1"
   classname="InterruptHandler_Gen"
   assertions="72"
   time="1.181"
>
</testcase>
<testcase 
   name="TbAb_InterruptBurst2"
   classname="InterruptHandler_Gen"
   assertions="216"
   time="1.224"
>
</testcase>
<testcase 
   name="TbAb_InterruptNoHandler1"
   classname="InterruptHandler_Gen"
   assertions="96"
   time="1.227"
>
</testcase>
</testsuite>
<testsuite 
   name="ModelParams"
   time="2.066"
   tests="2"
   failures="0"
   errors="0"
   skipped="0"
>
<testcase 
   name="TbModelParameters1"
   classname="ModelParams"
   assertions="60"
   time="0.726"
>
</testcase>
<testcase 
   name="TbModelParameters2"
   classname="ModelParams"
   assertions="40"
   time="0.756"
>
</testcase>
</testsuite>
<testsuite 
   name="ModelParams_PT"
   time="1.048"
   tests="1"
   failures="0"
   errors="0"
   skipped="0"
>
<testcase 
   name="TbModelParameters"
   classname="ModelParams_PT"
   assertions="60"
   time="0.742"
>
</testcase>
</testsuite>
<testsuite 
   name="Axi4Lite"
   time="27.641"
   tests="17"
   failures="0"
   errors="0"
   skipped="0"
>
<testcase 
   name="TbAxi4_BasicReadWrite"
   classname="Axi4Lite"
   assertions="60"
   time="1.092"
>
</testcase>
<testcase 
   name="TbAxi4_ReadWriteAsync1"
   classname="Axi4Lite"
   assertions="60"
   time="1.095"
>
</testcase>
<testcase 
   name="TbAxi4_ReadWriteAsync2"
   classname="Axi4Lite"
   assertions="60"
   time="1.058"
>
</testcase>
<testcase 
   name="TbAxi4_ReadWriteAsync3"
   classname="Axi4Lite"
   assertions="60"
   time="1.056"
>
</testcase>
<testcase 
   name="TbAxi4_RandomReadWrite"
   classname="Axi4Lite"
   assertions="3000"
   time="1.833"
>
</testcase>
<testcase 
   name="TbAxi4_RandomReadWriteByte"
   classname="Axi4Lite"
   assertions="3000"
   time="1.867"
>
</testcase>
<testcase 
   name="TbAxi4_TimeOut"
   classname="Axi4Lite"
   assertions="75"
   time="1.125"
>
</testcase>
<testcase 
   name="TbAxi4_WriteOptions"
   classname="Axi4Lite"
   assertions="72"
   time="1.078"
>
</testcase>
<testcase 
   name="TbAxi4_MemoryReadWrite1"
   classname="Axi4Lite"
   assertions="40"
   time="1.114"
>
</testcase>
<testcase 
   name="TbAxi4_AxiXResp"
   classname="Axi4Lite"
   assertions="36"
   time="1.105"
>
</testcase>
<testcase 
   name="TbAxi4_AxiXResp2_Enum"
   classname="Axi4Lite"
   assertions="36"
   time="1.055"
>
</testcase>
<testcase 
   name="TbAxi4_NoRandomTiming1"
   classname="Axi4Lite"
   assertions="192"
   time="1.126"
>
</testcase>
<testcase 
   name="TbAxi4_ManagerRandomTiming1"
   classname="Axi4Lite"
   assertions="480"
   time="1.248"
>
</testcase>
<testcase 
   name="TbAxi4_MemoryRandomTiming1"
   classname="Axi4Lite"
   assertions="480"
   time="1.217"
>
</testcase>
<testcase 
   name="TbAxi4_SubordinateRandomTiming1"
   classname="Axi4Lite"
   assertions="768"
   time="1.249"
>
</testcase>
<testcase 
   name="TbAxi4_ManagerMemoryRandomTiming1"
   classname="Axi4Lite"
   assertions="192"
   time="1.108"
>
</testcase>
<testcase 
   name="TbAxi4_ManagerSubordinateRandomTiming1"
   classname="Axi4Lite"
   assertions="192"
   time="1.081"
>
</testcase>
</testsuite>
<testsuite 
   name="Axi4Full"
   time="106.400"
   tests="68"
   failures="0"
   errors="0"
   skipped="0"
>
<testcase 
   name="TbAxi4_DemoMemoryReadWrite1"
   classname="Axi4Full"
   assertions="334"
   time="1.296"
>
</testcase>
<testcase 
   name="TbAxi4_BasicReadWrite"
   classname="Axi4Full"
   assertions="60"
   time="1.112"
>
</testcase>
<testcase 
   name="TbAxi4_RandomReadWrite"
   classname="Axi4Full"
   assertions="3000"
   time="2.107"
>
</testcase>
<testcase 
   name="TbAxi4_RandomReadWriteByte1"
   classname="Axi4Full"
   assertions="3000"
   time="2.078"
>
</testcase>
<testcase 
   name="TbAxi4_SubordinateReadWrite1"
   classname="Axi4Full"
   assertions="60"
   time="1.113"
>
</testcase>
<testcase 
   name="TbAxi4_SubordinateReadWrite2"
   classname="Axi4Full"
   assertions="60"
   time="1.096"
>
</testcase>
<testcase 
   name="TbAxi4_SubordinateReadWrite3"
   classname="Axi4Full"
   assertions="60"
   time="1.086"
>
</testcase>
<testcase 
   name="TbAxi4_ReadWriteAsync1"
   classname="Axi4Full"
   assertions="60"
   time="1.116"
>
</testcase>
<testcase 
   name="TbAxi4_ReadWriteAsync2"
   classname="Axi4Full"
   assertions="60"
   time="1.088"
>
</testcase>
<testcase 
   name="TbAxi4_ReadWriteAsync3"
   classname="Axi4Full"
   assertions="60"
   time="1.089"
>
</testcase>
<testcase 
   name="TbAxi4_ReadWriteAsync4"
   classname="Axi4Full"
   assertions="60"
   time="1.088"
>
</testcase>
<testcase 
   name="TbAxi4_SubordinateReadWriteAsync1"
   classname="Axi4Full"
   assertions="80"
   time="1.095"
>
</testcase>
<testcase 
   name="TbAxi4_SubordinateReadWriteAsync2"
   classname="Axi4Full"
   assertions="90"
   time="1.120"
>
</testcase>
<testcase 
   name="TbAxi4_MultipleDriversManager"
   classname="Axi4Full"
   assertions="1"
   time="1.056"
>
</testcase>
<testcase 
   name="TbAxi4_MultipleDriversSubordinate"
   classname="Axi4Full"
   assertions="1"
   time="1.077"
>
</testcase>
<testcase 
   name="TbAxi4_ReleaseAcquireSubordinate1"
   classname="Axi4Full"
   assertions="19"
   time="1.082"
>
</testcase>
<testcase 
   name="TbAxi4_AlertLogIDManager"
   classname="Axi4Full"
   assertions="8"
   time="1.141"
>
</testcase>
<testcase 
   name="TbAxi4_AlertLogIDSubordinate"
   classname="Axi4Full"
   assertions="8"
   time="1.058"
>
</testcase>
<testcase 
   name="TbAxi4_TransactionApiSubordinate"
   classname="Axi4Full"
   assertions="51"
   time="1.071"
>
</testcase>
<testcase 
   name="TbAxi4_ValidTimingManager"
   classname="Axi4Full"
   assertions="180"
   time="1.175"
>
</testcase>
<testcase 
   name="TbAxi4_ValidTimingSubordinate"
   classname="Axi4Full"
   assertions="120"
   time="1.101"
>
</testcase>
<testcase 
   name="TbAxi4_ReadyTimingSubordinate"
   classname="Axi4Full"
   assertions="270"
   time="1.179"
>
</testcase>
<testcase 
   name="TbAxi4_AxiIfOptionsManagerSubordinate"
   classname="Axi4Full"
   assertions="105"
   time="1.110"
>
</testcase>
<testcase 
   name="TbAxi4_AxiXResp"
   classname="Axi4Full"
   assertions="36"
   time="1.096"
>
</testcase>
<testcase 
   name="TbAxi4_AxiXResp2_Enum"
   classname="Axi4Full"
   assertions="36"
   time="1.086"
>
</testcase>
<testcase 
   name="TbAxi4_AxiXResp3_slv"
   classname="Axi4Full"
   assertions="36"
   time="1.091"
>
</testcase>
<testcase 
   name="TbAxi4_TimeOutManager"
   classname="Axi4Full"
   assertions="45"
   time="1.173"
>
</testcase>
<testcase 
   name="TbAxi4_TimeOutSubordinate"
   classname="Axi4Full"
   assertions="30"
   time="1.226"
>
</testcase>
<testcase 
   name="TbAxi4_MemoryReadWrite1"
   classname="Axi4Full"
   assertions="40"
   time="1.103"
>
</testcase>
<testcase 
   name="TbAxi4_MemoryReadWrite2"
   classname="Axi4Full"
   assertions="60"
   time="1.145"
>
</testcase>
<testcase 
   name="TbAxi4_MultipleDriversMemory"
   classname="Axi4Full"
   assertions="1"
   time="1.083"
>
</testcase>
<testcase 
   name="TbAxi4_ReleaseAcquireMemory1"
   classname="Axi4Full"
   assertions="8"
   time="1.064"
>
</testcase>
<testcase 
   name="TbAxi4_AlertLogIDMemory"
   classname="Axi4Full"
   assertions="8"
   time="1.093"
>
</testcase>
<testcase 
   name="TbAxi4_TimeOutMemory"
   classname="Axi4Full"
   assertions="15"
   time="1.094"
>
</testcase>
<testcase 
   name="TbAxi4_TransactionApiManager"
   classname="Axi4Full"
   assertions="41"
   time="1.117"
>
</testcase>
<testcase 
   name="TbAxi4_TransactionApiMemory"
   classname="Axi4Full"
   assertions="41"
   time="1.118"
>
</testcase>
<testcase 
   name="TbAxi4_ValidTimingMemory"
   classname="Axi4Full"
   assertions="120"
   time="1.168"
>
</testcase>
<testcase 
   name="TbAxi4_ReadyTimingManager"
   classname="Axi4Full"
   assertions="180"
   time="1.193"
>
</testcase>
<testcase 
   name="TbAxi4_ReadyTimingMemory"
   classname="Axi4Full"
   assertions="270"
   time="1.226"
>
</testcase>
<testcase 
   name="TbAxi4_MemoryAsync"
   classname="Axi4Full"
   assertions="28"
   time="1.082"
>
</testcase>
<testcase 
   name="TbAxi4_MemoryBurst1"
   classname="Axi4Full"
   assertions="114"
   time="1.134"
>
</testcase>
<testcase 
   name="TbAxi4_MemoryBurstAsync1"
   classname="Axi4Full"
   assertions="114"
   time="1.117"
>
</testcase>
<testcase 
   name="TbAxi4_MemoryBurstByte1"
   classname="Axi4Full"
   assertions="90"
   time="1.121"
>
</testcase>
<testcase 
   name="TbAxi4_MemoryBurstPattern1"
   classname="Axi4Full"
   assertions="141"
   time="1.144"
>
</testcase>
<testcase 
   name="TbAxi4_MemoryBurstPattern2"
   classname="Axi4Full"
   assertions="96"
   time="1.144"
>
</testcase>
<testcase 
   name="TbAxi4_MemoryBurstBytePattern1"
   classname="Axi4Full"
   assertions="106"
   time="1.098"
>
</testcase>
<testcase 
   name="TbAxi4_MemoryBurstAsyncPattern1"
   classname="Axi4Full"
   assertions="141"
   time="1.127"
>
</testcase>
<testcase 
   name="TbAxi4_MemoryBurstAsyncPattern2"
   classname="Axi4Full"
   assertions="515"
   time="1.210"
>
</testcase>
<testcase 
   name="TbAxi4_MemoryBurstSparse1"
   classname="Axi4Full"
   assertions="42"
   time="1.168"
>
</testcase>
<testcase 
   name="TbAxi4_ReleaseAcquireManager1"
   classname="Axi4Full"
   assertions="38"
   time="1.102"
>
</testcase>
<testcase 
   name="TbAxi4_AxSizeManagerMemory1"
   classname="Axi4Full"
   assertions="103"
   time="1.127"
>
</testcase>
<testcase 
   name="TbAxi4_AxSizeManagerMemory2"
   classname="Axi4Full"
   assertions="111"
   time="1.140"
>
</testcase>
<testcase 
   name="TbAxi4_AxiIfOptionsManagerMemory"
   classname="Axi4Full"
   assertions="142"
   time="1.121"
>
</testcase>
<testcase 
   name="TbAxi4_TransactionApiManagerBurst"
   classname="Axi4Full"
   assertions="75"
   time="1.102"
>
</testcase>
<testcase 
   name="TbAxi4_TransactionApiMemoryBurst"
   classname="Axi4Full"
   assertions="97"
   time="1.112"
>
</testcase>
<testcase 
   name="TbAxi4_ValidTimingBurstManager"
   classname="Axi4Full"
   assertions="816"
   time="1.324"
>
</testcase>
<testcase 
   name="TbAxi4_ValidTimingBurstMemory"
   classname="Axi4Full"
   assertions="544"
   time="1.246"
>
</testcase>
<testcase 
   name="TbAxi4_ManagerRandomTiming1"
   classname="Axi4Full"
   assertions="512"
   time="1.214"
>
</testcase>
<testcase 
   name="TbAxi4_ManagerRandomTimingAsync1"
   classname="Axi4Full"
   assertions="512"
   time="1.241"
>
</testcase>
<testcase 
   name="TbAxi4_MemoryRandomTiming1"
   classname="Axi4Full"
   assertions="512"
   time="1.307"
>
</testcase>
<testcase 
   name="TbAxi4_MemoryRandomTimingAsync1"
   classname="Axi4Full"
   assertions="2048"
   time="1.694"
>
</testcase>
<testcase 
   name="TbAxi4_ManagerMemoryRandomTiming1"
   classname="Axi4Full"
   assertions="512"
   time="1.295"
>
</testcase>
<testcase 
   name="TbAxi4_SubordinateRandomTiming1"
   classname="Axi4Full"
   assertions="192"
   time="1.144"
>
</testcase>
<testcase 
   name="TbAxi4_ManagerSubordinateRandomTiming1"
   classname="Axi4Full"
   assertions="192"
   time="1.174"
>
</testcase>
<testcase 
   name="TbAxi4_ManagerSubordinateRandomTimingAsync1"
   classname="Axi4Full"
   assertions="768"
   time="1.402"
>
</testcase>
<testcase 
   name="TbAxi4_NoRandomTiming1"
   classname="Axi4Full"
   assertions="512"
   time="1.325"
>
</testcase>
<testcase 
   name="TbAxi4_Shared1"
   classname="Axi4Full"
   assertions="52"
   time="1.164"
>
</testcase>
<testcase 
   name="TbAxi4_Separate1"
   classname="Axi4Full"
   assertions="52"
   time="1.182"
>
</testcase>
</testsuite>
<testsuite 
   name="AxiStream"
   time="92.866"
   tests="65"
   failures="0"
   errors="0"
   skipped="0"
>
<testcase 
   name="TbStream_SendGetDemo1"
   classname="AxiStream"
   assertions="340"
   time="1.161"
>
</testcase>
<testcase 
   name="TbStream_SendGetPacketBurst1"
   classname="AxiStream"
   assertions="132"
   time="0.990"
>
</testcase>
<testcase 
   name="TbStream_SendGetRandom1"
   classname="AxiStream"
   assertions="1616"
   time="1.356"
>
</testcase>
<testcase 
   name="TbStream_SendGetRandom2"
   classname="AxiStream"
   assertions="6042"
   time="1.284"
>
</testcase>
<testcase 
   name="TbStream_MultipleDriversTransmitter1"
   classname="AxiStream"
   assertions="1"
   time="0.977"
>
</testcase>
<testcase 
   name="TbStream_MultipleDriversReceiver1"
   classname="AxiStream"
   assertions="1"
   time="0.996"
>
</testcase>
<testcase 
   name="TbStream_SendGet1"
   classname="AxiStream"
   assertions="1296"
   time="1.200"
>
</testcase>
<testcase 
   name="TbStream_ByteHandling1"
   classname="AxiStream"
   assertions="18"
   time="0.967"
>
</testcase>
<testcase 
   name="TbStream_SendGetAsync1"
   classname="AxiStream"
   assertions="1296"
   time="1.233"
>
</testcase>
<testcase 
   name="TbStream_ByteHandlingAsync1"
   classname="AxiStream"
   assertions="36"
   time="0.996"
>
</testcase>
<testcase 
   name="TbStream_SendGetBurst1"
   classname="AxiStream"
   assertions="435"
   time="1.033"
>
</testcase>
<testcase 
   name="TbStream_SendGetBurstByte1"
   classname="AxiStream"
   assertions="435"
   time="0.991"
>
</testcase>
<testcase 
   name="TbStream_ByteHandlingBurst1"
   classname="AxiStream"
   assertions="36"
   time="0.984"
>
</testcase>
<testcase 
   name="TbStream_ByteHandlingBurstByte1"
   classname="AxiStream"
   assertions="36"
   time="0.977"
>
</testcase>
<testcase 
   name="TbStream_SendCheckBurst1"
   classname="AxiStream"
   assertions="475"
   time="1.019"
>
</testcase>
<testcase 
   name="TbStream_SendCheckBurstByte1"
   classname="AxiStream"
   assertions="475"
   time="1.019"
>
</testcase>
<testcase 
   name="TbStream_SendCheckBurstPattern1"
   classname="AxiStream"
   assertions="206"
   time="0.987"
>
</testcase>
<testcase 
   name="TbStream_SendCheckBurstPattern2"
   classname="AxiStream"
   assertions="80"
   time="1.012"
>
</testcase>
<testcase 
   name="TbStream_SendCheckBurstBytePattern1"
   classname="AxiStream"
   assertions="206"
   time="0.976"
>
</testcase>
<testcase 
   name="TbStream_SendCheckBurstAsyncPattern1"
   classname="AxiStream"
   assertions="216"
   time="1.023"
>
</testcase>
<testcase 
   name="TbStream_SendCheckBurstAsyncPattern2"
   classname="AxiStream"
   assertions="84"
   time="1.039"
>
</testcase>
<testcase 
   name="TbStream_SendCheckBurstByteAsyncPattern1"
   classname="AxiStream"
   assertions="216"
   time="1.001"
>
</testcase>
<testcase 
   name="TbStream_SendGetBurstAsync1"
   classname="AxiStream"
   assertions="445"
   time="1.068"
>
</testcase>
<testcase 
   name="TbStream_SendGetBurstByteAsync1"
   classname="AxiStream"
   assertions="445"
   time="1.042"
>
</testcase>
<testcase 
   name="TbStream_ByteHandlingBurstAsync1"
   classname="AxiStream"
   assertions="38"
   time="1.006"
>
</testcase>
<testcase 
   name="TbStream_ByteHandlingBurstByteAsync1"
   classname="AxiStream"
   assertions="38"
   time="1.014"
>
</testcase>
<testcase 
   name="TbStream_SendCheckBurstAsync1"
   classname="AxiStream"
   assertions="485"
   time="1.097"
>
</testcase>
<testcase 
   name="TbStream_SendCheckBurstByteAsync1"
   classname="AxiStream"
   assertions="485"
   time="1.029"
>
</testcase>
<testcase 
   name="TbStream_ReleaseAcquireTransmitter1"
   classname="AxiStream"
   assertions="34"
   time="0.961"
>
</testcase>
<testcase 
   name="TbStream_ReleaseAcquireReceiver1"
   classname="AxiStream"
   assertions="36"
   time="0.971"
>
</testcase>
<testcase 
   name="TbStream_AxiSendGet2"
   classname="AxiStream"
   assertions="382"
   time="1.081"
>
</testcase>
<testcase 
   name="TbStream_AxiSetOptions1"
   classname="AxiStream"
   assertions="256"
   time="1.163"
>
</testcase>
<testcase 
   name="TbStream_AxiTxValidDelay1"
   classname="AxiStream"
   assertions="65"
   time="1.017"
>
</testcase>
<testcase 
   name="TbStream_AxiTiming1"
   classname="AxiStream"
   assertions="5"
   time="1.006"
>
</testcase>
<testcase 
   name="TbStream_AxiTiming2"
   classname="AxiStream"
   assertions="32"
   time="1.008"
>
</testcase>
<testcase 
   name="TbStream_AxiSetOptions2"
   classname="AxiStream"
   assertions="35"
   time="0.993"
>
</testcase>
<testcase 
   name="TbStream_AxiSendGetAsync2"
   classname="AxiStream"
   assertions="646"
   time="1.165"
>
</testcase>
<testcase 
   name="TbStream_AxiSetOptionsAsync1"
   classname="AxiStream"
   assertions="512"
   time="1.260"
>
</testcase>
<testcase 
   name="TbStream_AxiSetOptionsAsync2"
   classname="AxiStream"
   assertions="63"
   time="1.004"
>
</testcase>
<testcase 
   name="TbStream_WaitForGet1"
   classname="AxiStream"
   assertions="134"
   time="1.007"
>
</testcase>
<testcase 
   name="TbStream_WaitForGetAsync1"
   classname="AxiStream"
   assertions="134"
   time="1.010"
>
</testcase>
<testcase 
   name="TbStream_AxiSendGetBurst2"
   classname="AxiStream"
   assertions="465"
   time="1.027"
>
</testcase>
<testcase 
   name="TbStream_AxiLastParam1"
   classname="AxiStream"
   assertions="1208"
   time="1.308"
>
</testcase>
<testcase 
   name="TbStream_AxiLastOption1"
   classname="AxiStream"
   assertions="1312"
   time="1.260"
>
</testcase>
<testcase 
   name="TbStream_AxiSetOptionsBurst1"
   classname="AxiStream"
   assertions="465"
   time="0.979"
>
</testcase>
<testcase 
   name="TbStream_AxiTxValidDelayBurst1"
   classname="AxiStream"
   assertions="106"
   time="0.959"
>
</testcase>
<testcase 
   name="TbStream_AxiTimingBurst2"
   classname="AxiStream"
   assertions="332"
   time="1.035"
>
</testcase>
<testcase 
   name="TbStream_AxiSetOptionsBurst2"
   classname="AxiStream"
   assertions="238"
   time="1.010"
>
</testcase>
<testcase 
   name="TbStream_AxiSetOptionsBurstByte2"
   classname="AxiStream"
   assertions="238"
   time="1.015"
>
</testcase>
<testcase 
   name="TbStream_AxiSetOptionsBurst3"
   classname="AxiStream"
   assertions="462"
   time="1.002"
>
</testcase>
<testcase 
   name="TbStream_AxiBurstNoLast1"
   classname="AxiStream"
   assertions="358"
   time="1.054"
>
</testcase>
<testcase 
   name="TbStream_AxiSetOptionsBurstCheck3"
   classname="AxiStream"
   assertions="476"
   time="1.009"
>
</testcase>
<testcase 
   name="TbStream_AxiSendCheckBurstPattern1"
   classname="AxiStream"
   assertions="122"
   time="0.974"
>
</testcase>
<testcase 
   name="TbStream_AxiSendCheckBurstPattern2"
   classname="AxiStream"
   assertions="80"
   time="1.013"
>
</testcase>
<testcase 
   name="TbStream_AxiSendCheckBurstAsyncPattern1"
   classname="AxiStream"
   assertions="132"
   time="0.998"
>
</testcase>
<testcase 
   name="TbStream_AxiSendCheckBurstAsyncPattern2"
   classname="AxiStream"
   assertions="83"
   time="1.003"
>
</testcase>
<testcase 
   name="TbStream_AxiSendGetBurstAsync2"
   classname="AxiStream"
   assertions="475"
   time="1.028"
>
</testcase>
<testcase 
   name="TbStream_AxiLastParamAsync1"
   classname="AxiStream"
   assertions="1224"
   time="1.411"
>
</testcase>
<testcase 
   name="TbStream_AxiLastOptionAsync1"
   classname="AxiStream"
   assertions="1312"
   time="1.227"
>
</testcase>
<testcase 
   name="TbStream_AxiSetOptionsBurstAsync1"
   classname="AxiStream"
   assertions="475"
   time="0.996"
>
</testcase>
<testcase 
   name="TbStream_AxiSetOptionsBurstAsync2"
   classname="AxiStream"
   assertions="245"
   time="1.024"
>
</testcase>
<testcase 
   name="TbStream_AxiSetOptionsBurstByteAsync2"
   classname="AxiStream"
   assertions="245"
   time="0.987"
>
</testcase>
<testcase 
   name="TbStream_AxiSetOptionsBurstAsync3"
   classname="AxiStream"
   assertions="469"
   time="1.052"
>
</testcase>
<testcase 
   name="TbStream_AxiBurstAsyncNoLast1"
   classname="AxiStream"
   assertions="365"
   time="1.108"
>
</testcase>
<testcase 
   name="TbStream_AxiSetOptionsBurstCheckAsync3"
   classname="AxiStream"
   assertions="483"
   time="1.052"
>
</testcase>
</testsuite>
<testsuite 
   name="Uart"
   time="16.236"
   tests="10"
   failures="0"
   errors="0"
   skipped="0"
>
<testcase 
   name="TbUart_SendGet1"
   classname="Uart"
   assertions="34"
   time="1.053"
>
</testcase>
<testcase 
   name="TbUart_SendGet2"
   classname="Uart"
   assertions="26"
   time="1.066"
>
</testcase>
<testcase 
   name="TbUart_Options1"
   classname="Uart"
   assertions="125"
   time="1.141"
>
</testcase>
<testcase 
   name="TbUart_Options2"
   classname="Uart"
   assertions="12"
   time="1.065"
>
</testcase>
<testcase 
   name="TbUart_Checkers1"
   classname="Uart"
   assertions="26"
   time="1.039"
>
</testcase>
<testcase 
   name="TbUart_Checkers2"
   classname="Uart"
   assertions="26"
   time="1.043"
>
</testcase>
<testcase 
   name="TbUart_Scoreboard1"
   classname="Uart"
   assertions="140"
   time="2.321"
>
</testcase>
<testcase 
   name="TbUart_Overload1"
   classname="Uart"
   assertions="34"
   time="1.037"
>
</testcase>
<testcase 
   name="TbUart_UartX1_1"
   classname="Uart"
   assertions="16"
   time="1.008"
>
</testcase>
<testcase 
   name="TbUart_UartX1_2"
   classname="Uart"
   assertions="16"
   time="1.013"
>
</testcase>
</testsuite>
<testsuite 
   name="Wishbone"
   time="4.666"
   tests="3"
   failures="0"
   errors="0"
   skipped="0"
>
<testcase 
   name="Tb_BasicReadWrite"
   classname="Wishbone"
   assertions="21"
   time="0.988"
>
</testcase>
<testcase 
   name="Tb_RandomReadWrite"
   classname="Wishbone"
   assertions="80"
   time="1.016"
>
</testcase>
<testcase 
   name="Tb_BurstNoIncReadWrite"
   classname="Wishbone"
   assertions="80"
   time="0.990"
>
</testcase>
</testsuite>
<testsuite 
   name="DpRam"
   time="1.918"
   tests="1"
   failures="0"
   errors="0"
   skipped="0"
>
<testcase 
   name="TbDpRam_BasicReadWrite"
   classname="DpRam"
   assertions="40"
   time="0.916"
>
</testcase>
</testsuite>
<testsuite 
   name="Ethernet"
   time="9.291"
   tests="6"
   failures="0"
   errors="0"
   skipped="0"
>
<testcase 
   name="Tb_xMii1"
   classname="Ethernet"
   assertions="2065"
   time="1.335"
>
</testcase>
<testcase 
   name="Tb_xMii1_MII_INTERFACE_RGMII_MII_BPS_BPS_1G"
   classname="Ethernet"
   assertions="2065"
   time="1.326"
>
<properties> 
  <property name="generic" value="MII_INTERFACE=RGMII" /> 
  <property name="generic" value="MII_BPS=BPS_1G" /> 
</properties> 
</testcase>
<testcase 
   name="Tb_xMii1_MII_INTERFACE_MII_MII_BPS_BPS_100M"
   classname="Ethernet"
   assertions="2065"
   time="1.338"
>
<properties> 
  <property name="generic" value="MII_INTERFACE=MII" /> 
  <property name="generic" value="MII_BPS=BPS_100M" /> 
</properties> 
</testcase>
<testcase 
   name="Tb_xMii1_MII_INTERFACE_MII_MII_BPS_BPS_10M"
   classname="Ethernet"
   assertions="2065"
   time="1.384"
>
<properties> 
  <property name="generic" value="MII_INTERFACE=MII" /> 
  <property name="generic" value="MII_BPS=BPS_10M" /> 
</properties> 
</testcase>
<testcase 
   name="Tb_xMii1_MII_INTERFACE_RMII_MII_BPS_BPS_100M"
   classname="Ethernet"
   assertions="2065"
   time="1.457"
>
<properties> 
  <property name="generic" value="MII_INTERFACE=RMII" /> 
  <property name="generic" value="MII_BPS=BPS_100M" /> 
</properties> 
</testcase>
<testcase 
   name="Tb_xMii1_MII_INTERFACE_RMII_MII_BPS_BPS_10M"
   classname="Ethernet"
   assertions="2065"
   time="1.412"
>
<properties> 
  <property name="generic" value="MII_INTERFACE=RMII" /> 
  <property name="generic" value="MII_BPS=BPS_10M" /> 
</properties> 
</testcase>
</testsuite>
<testsuite 
   name="VideoBus"
   time="4.987"
   tests="1"
   failures="0"
   errors="0"
   skipped="0"
>
<testcase 
   name="TbVideoBus_SendGet"
   classname="VideoBus"
   assertions="16646"
   time="3.946"
>
</testcase>
</testsuite>
</testsuites>
